# Use the official Python image as the base image
FROM python:3.9-slim-buster

# Set the working directory inside the container
WORKDIR /app

# Use the official Python image as the base image
FROM python:3.9-slim-buster

# Set the working directory inside the container
WORKDIR /app

# Install Chrome and Chromedriver
RUN apt-get update && apt-get install -y wget gnupg2 unzip \
    && wget -q -O - https://dl-ssl.google.com/linux/linux_signing_key.pub | apt-key add - \
    && echo "deb http://dl.google.com/linux/chrome/deb/ stable main" >> /etc/apt/sources.list.d/google.list \
    && apt-get update && apt-get install -y google-chrome-stable=114.0.5735.90-1 \
    && wget https://chromedriver.storage.googleapis.com/114.0.5735.90/chromedriver_linux64.zip \
    && unzip chromedriver_linux64.zip && mv chromedriver /usr/bin/ && chmod +x /usr/bin/chromedriver \
    && rm chromedriver_linux64.zip



RUN wget http://dl.google.com/linux/chrome/deb/pool/main/g/google-chrome-stable/google-chrome-stable_114.0.5735.90-1_amd64.deb
RUN dpkg -i google-chrome-stable_114.0.5735.90-1_amd64.deb

# Set the environment variables
ENV BOT_TOKEN=MTE0MjQ1NDYwMTYzMTY3MDM5NA.GJxKN_.EiMk4-TgX5TzgE_gu9pprpNnnt00Yly69jDtNQ
ENV CHANNEL_ID=1142455185038397543
ENV PYTHONUNBUFFERED=1

# Copy requirements.txt and install the dependencies
COPY requirements.txt .
RUN pip install --no-cache-dir -r requirements.txt

# Copy the rest of the code and the supporting files
COPY . .

# Set the command to run the script
CMD ["python", "your_script_name.py"]


# Set the environment variables
ENV BOT_TOKEN=MTE0MjQ1NDYwMTYzMTY3MDM5NA.GJxKN_.EiMk4-TgX5TzgE_gu9pprpNnnt00Yly69jDtNQ
ENV CHANNEL_ID=1142455185038397543
ENV PYTHONUNBUFFERED=1

# Copy requirements.txt and install the dependencies
COPY requirements.txt .
RUN pip install --no-cache-dir -r requirements.txt

# Copy the rest of the code and the supporting files
COPY . .

# Set the command to run the script
CMD ["python", "your_script_name.py"]







Selecting previously unselected package libgtk-3-common.
Preparing to unpack .../022-libgtk-3-common_3.24.5-1_all.deb ...
Unpacking libgtk-3-common (3.24.5-1) ...
Selecting previously unselected package libgtk-3-0:amd64.
Preparing to unpack .../023-libgtk-3-0_3.24.5-1_amd64.deb ...
Unpacking libgtk-3-0:amd64 (3.24.5-1) ...
Selecting previously unselected package libnspr4:amd64.
Preparing to unpack .../024-libnspr4_2%3a4.20-1_amd64.deb ...
Unpacking libnspr4:amd64 (2:4.20-1) ...
Selecting previously unselected package libnss3:amd64.
Preparing to unpack .../025-libnss3_2%3a3.42.1-1+deb10u6_amd64.deb ...
Unpacking libnss3:amd64 (2:3.42.1-1+deb10u6) ...
Selecting previously unselected package udev.
Preparing to unpack .../026-udev_241-7~deb10u10_amd64.deb ...
Unpacking udev (241-7~deb10u10) ...
Selecting previously unselected package libu2f-udev.
Preparing to unpack .../027-libu2f-udev_1.1.9-1_all.deb ...
Unpacking libu2f-udev (1.1.9-1) ...
Selecting previously unselected package libvulkan1:amd64.
Preparing to unpack .../028-libvulkan1_1.1.97-2_amd64.deb ...
Unpacking libvulkan1:amd64 (1.1.97-2) ...
Selecting previously unselected package xdg-utils.
Preparing to unpack .../029-xdg-utils_1.1.3-1+deb10u1_all.deb ...
Unpacking xdg-utils (1.1.3-1+deb10u1) ...
Selecting previously unselected package perl-modules-5.28.
Preparing to unpack .../030-perl-modules-5.28_5.28.1-6+deb10u1_all.deb ...
Unpacking perl-modules-5.28 (5.28.1-6+deb10u1) ...
Selecting previously unselected package libgdbm-compat4:amd64.
Preparing to unpack .../031-libgdbm-compat4_1.18.1-4_amd64.deb ...
Unpacking libgdbm-compat4:amd64 (1.18.1-4) ...
Selecting previously unselected package libperl5.28:amd64.
Preparing to unpack .../032-libperl5.28_5.28.1-6+deb10u1_amd64.deb ...
Unpacking libperl5.28:amd64 (5.28.1-6+deb10u1) ...
Selecting previously unselected package perl.
Preparing to unpack .../033-perl_5.28.1-6+deb10u1_amd64.deb ...
Unpacking perl (5.28.1-6+deb10u1) ...
Selecting previously unselected package krb5-locales.
Preparing to unpack .../034-krb5-locales_1.17-3+deb10u5_all.deb ...
Unpacking krb5-locales (1.17-3+deb10u5) ...
Selecting previously unselected package x11-common.
Preparing to unpack .../035-x11-common_1%3a7.7+19_all.deb ...
Unpacking x11-common (1:7.7+19) ...
Selecting previously unselected package libxtst6:amd64.
Preparing to unpack .../036-libxtst6_2%3a1.2.3-1_amd64.deb ...
Unpacking libxtst6:amd64 (2:1.2.3-1) ...
Selecting previously unselected package at-spi2-core.
Preparing to unpack .../037-at-spi2-core_2.30.0-7_amd64.deb ...
Unpacking at-spi2-core (2.30.0-7) ...
Selecting previously unselected package libisl19:amd64.
Preparing to unpack .../038-libisl19_0.20-2_amd64.deb ...
Unpacking libisl19:amd64 (0.20-2) ...
Selecting previously unselected package libmpfr6:amd64.
Preparing to unpack .../039-libmpfr6_4.0.2-1_amd64.deb ...
Unpacking libmpfr6:amd64 (4.0.2-1) ...
Selecting previously unselected package libmpc3:amd64.
Preparing to unpack .../040-libmpc3_1.1.0-1_amd64.deb ...
Unpacking libmpc3:amd64 (1.1.0-1) ...
Selecting previously unselected package cpp-8.
Preparing to unpack .../041-cpp-8_8.3.0-6_amd64.deb ...
Unpacking cpp-8 (8.3.0-6) ...
Selecting previously unselected package cpp.
Preparing to unpack .../042-cpp_4%3a8.3.0-1_amd64.deb ...
Unpacking cpp (4:8.3.0-1) ...
Selecting previously unselected package libauthen-sasl-perl.
Preparing to unpack .../043-libauthen-sasl-perl_2.1600-1_all.deb ...
Unpacking libauthen-sasl-perl (2.1600-1) ...
Selecting previously unselected package libdata-dump-perl.
Preparing to unpack .../044-libdata-dump-perl_1.23-1_all.deb ...
Unpacking libdata-dump-perl (1.23-1) ...
Selecting previously unselected package libdrm-amdgpu1:amd64.
Preparing to unpack .../045-libdrm-amdgpu1_2.4.97-1_amd64.deb ...
Unpacking libdrm-amdgpu1:amd64 (2.4.97-1) ...
Selecting previously unselected package libpciaccess0:amd64.
Preparing to unpack .../046-libpciaccess0_0.14-1_amd64.deb ...
Unpacking libpciaccess0:amd64 (0.14-1) ...
Selecting previously unselected package libdrm-intel1:amd64.
Preparing to unpack .../047-libdrm-intel1_2.4.97-1_amd64.deb ...
Unpacking libdrm-intel1:amd64 (2.4.97-1) ...
Selecting previously unselected package libdrm-nouveau2:amd64.
Preparing to unpack .../048-libdrm-nouveau2_2.4.97-1_amd64.deb ...
Unpacking libdrm-nouveau2:amd64 (2.4.97-1) ...
Selecting previously unselected package libdrm-radeon1:amd64.
Preparing to unpack .../049-libdrm-radeon1_2.4.97-1_amd64.deb ...
Unpacking libdrm-radeon1:amd64 (2.4.97-1) ...
Selecting previously unselected package libedit2:amd64.
Preparing to unpack .../050-libedit2_3.1-20181209-1_amd64.deb ...
Unpacking libedit2:amd64 (3.1-20181209-1) ...
Selecting previously unselected package libelf1:amd64.
Preparing to unpack .../051-libelf1_0.176-1.1+deb10u1_amd64.deb ...
Unpacking libelf1:amd64 (0.176-1.1+deb10u1) ...
Selecting previously unselected package libencode-locale-perl.
Preparing to unpack .../052-libencode-locale-perl_1.05-1_all.deb ...
Unpacking libencode-locale-perl (1.05-1) ...
Selecting previously unselected package libipc-system-simple-perl.
Preparing to unpack .../053-libipc-system-simple-perl_1.25-4_all.deb ...
Unpacking libipc-system-simple-perl (1.25-4) ...
Selecting previously unselected package libfile-basedir-perl.
Preparing to unpack .../054-libfile-basedir-perl_0.08-1_all.deb ...
Unpacking libfile-basedir-perl (0.08-1) ...
Selecting previously unselected package liburi-perl.
Preparing to unpack .../055-liburi-perl_1.76-1_all.deb ...
Unpacking liburi-perl (1.76-1) ...
Selecting previously unselected package libfile-desktopentry-perl.
Preparing to unpack .../056-libfile-desktopentry-perl_0.22-1_all.deb ...
Unpacking libfile-desktopentry-perl (0.22-1) ...
Selecting previously unselected package libtimedate-perl.
Preparing to unpack .../057-libtimedate-perl_2.3000-2+deb10u1_all.deb ...
Unpacking libtimedate-perl (2.3000-2+deb10u1) ...
Selecting previously unselected package libhttp-date-perl.
Preparing to unpack .../058-libhttp-date-perl_6.02-1_all.deb ...
Unpacking libhttp-date-perl (6.02-1) ...
Selecting previously unselected package libfile-listing-perl.
Preparing to unpack .../059-libfile-listing-perl_6.04-1_all.deb ...
Unpacking libfile-listing-perl (6.04-1) ...
Selecting previously unselected package libfile-mimeinfo-perl.
Preparing to unpack .../060-libfile-mimeinfo-perl_0.29-1_all.deb ...
Unpacking libfile-mimeinfo-perl (0.29-1) ...
Selecting previously unselected package libfont-afm-perl.
Preparing to unpack .../061-libfont-afm-perl_1.20-2_all.deb ...
Unpacking libfont-afm-perl (1.20-2) ...
Selecting previously unselected package libfontenc1:amd64.
Preparing to unpack .../062-libfontenc1_1%3a1.1.3-1+b2_amd64.deb ...
Unpacking libfontenc1:amd64 (1:1.1.3-1+b2) ...
Selecting previously unselected package libgdk-pixbuf2.0-bin.
Preparing to unpack .../063-libgdk-pixbuf2.0-bin_2.38.1+dfsg-1_amd64.deb ...
Unpacking libgdk-pixbuf2.0-bin (2.38.1+dfsg-1) ...
Selecting previously unselected package libglapi-mesa:amd64.
Preparing to unpack .../064-libglapi-mesa_18.3.6-2+deb10u1_amd64.deb ...
Unpacking libglapi-mesa:amd64 (18.3.6-2+deb10u1) ...
Selecting previously unselected package libllvm7:amd64.
Preparing to unpack .../065-libllvm7_1%3a7.0.1-8+deb10u2_amd64.deb ...
Unpacking libllvm7:amd64 (1:7.0.1-8+deb10u2) ...
Selecting previously unselected package libsensors-config.
Preparing to unpack .../066-libsensors-config_1%3a3.5.0-3_all.deb ...
Unpacking libsensors-config (1:3.5.0-3) ...
Selecting previously unselected package libsensors5:amd64.
Preparing to unpack .../067-libsensors5_1%3a3.5.0-3_amd64.deb ...
Unpacking libsensors5:amd64 (1:3.5.0-3) ...
Selecting previously unselected package libgl1-mesa-dri:amd64.
Preparing to unpack .../068-libgl1-mesa-dri_18.3.6-2+deb10u1_amd64.deb ...
Unpacking libgl1-mesa-dri:amd64 (18.3.6-2+deb10u1) ...
Selecting previously unselected package libglib2.0-data.
Preparing to unpack .../069-libglib2.0-data_2.58.3-2+deb10u5_all.deb ...
Unpacking libglib2.0-data (2.58.3-2+deb10u5) ...
Selecting previously unselected package libglvnd0:amd64.
Preparing to unpack .../070-libglvnd0_1.1.0-1_amd64.deb ...
Unpacking libglvnd0:amd64 (1.1.0-1) ...
Selecting previously unselected package libx11-xcb1:amd64.
Preparing to unpack .../071-libx11-xcb1_2%3a1.6.7-1+deb10u4_amd64.deb ...
Unpacking libx11-xcb1:amd64 (2:1.6.7-1+deb10u4) ...
Selecting previously unselected package libxcb-dri2-0:amd64.
Preparing to unpack .../072-libxcb-dri2-0_1.13.1-2_amd64.deb ...
Unpacking libxcb-dri2-0:amd64 (1.13.1-2) ...
Selecting previously unselected package libxcb-dri3-0:amd64.
Preparing to unpack .../073-libxcb-dri3-0_1.13.1-2_amd64.deb ...
Unpacking libxcb-dri3-0:amd64 (1.13.1-2) ...
Selecting previously unselected package libxcb-glx0:amd64.
Preparing to unpack .../074-libxcb-glx0_1.13.1-2_amd64.deb ...
Unpacking libxcb-glx0:amd64 (1.13.1-2) ...
Selecting previously unselected package libxcb-present0:amd64.
Preparing to unpack .../075-libxcb-present0_1.13.1-2_amd64.deb ...
Unpacking libxcb-present0:amd64 (1.13.1-2) ...
Selecting previously unselected package libxcb-sync1:amd64.
Preparing to unpack .../076-libxcb-sync1_1.13.1-2_amd64.deb ...
Unpacking libxcb-sync1:amd64 (1.13.1-2) ...
Selecting previously unselected package libxshmfence1:amd64.
Preparing to unpack .../077-libxshmfence1_1.3-1_amd64.deb ...
Unpacking libxshmfence1:amd64 (1.3-1) ...
Selecting previously unselected package libxxf86vm1:amd64.
Preparing to unpack .../078-libxxf86vm1_1%3a1.1.4-1+b2_amd64.deb ...
Unpacking libxxf86vm1:amd64 (1:1.1.4-1+b2) ...
Selecting previously unselected package libglx-mesa0:amd64.
Preparing to unpack .../079-libglx-mesa0_18.3.6-2+deb10u1_amd64.deb ...
Unpacking libglx-mesa0:amd64 (18.3.6-2+deb10u1) ...
Selecting previously unselected package libgtk-3-bin.
Preparing to unpack .../080-libgtk-3-bin_3.24.5-1_amd64.deb ...
Unpacking libgtk-3-bin (3.24.5-1) ...
Selecting previously unselected package libhtml-tagset-perl.
Preparing to unpack .../081-libhtml-tagset-perl_3.20-3_all.deb ...
Unpacking libhtml-tagset-perl (3.20-3) ...
Selecting previously unselected package libhtml-parser-perl.
Preparing to unpack .../082-libhtml-parser-perl_3.72-3+b3_amd64.deb ...
Unpacking libhtml-parser-perl (3.72-3+b3) ...
Selecting previously unselected package libio-html-perl.
Preparing to unpack .../083-libio-html-perl_1.001-1_all.deb ...
Unpacking libio-html-perl (1.001-1) ...
Selecting previously unselected package liblwp-mediatypes-perl.
Preparing to unpack .../084-liblwp-mediatypes-perl_6.02-1_all.deb ...
Unpacking liblwp-mediatypes-perl (6.02-1) ...
Selecting previously unselected package libhttp-message-perl.
Preparing to unpack .../085-libhttp-message-perl_6.18-1_all.deb ...
Unpacking libhttp-message-perl (6.18-1) ...
Selecting previously unselected package libhtml-form-perl.
Preparing to unpack .../086-libhtml-form-perl_6.03-1_all.deb ...
Unpacking libhtml-form-perl (6.03-1) ...
Selecting previously unselected package libhtml-tree-perl.
Preparing to unpack .../087-libhtml-tree-perl_5.07-2_all.deb ...
Unpacking libhtml-tree-perl (5.07-2) ...
Selecting previously unselected package libhtml-format-perl.
Preparing to unpack .../088-libhtml-format-perl_2.12-1_all.deb ...
Unpacking libhtml-format-perl (2.12-1) ...
Selecting previously unselected package libhttp-cookies-perl.
Preparing to unpack .../089-libhttp-cookies-perl_6.04-1_all.deb ...
Unpacking libhttp-cookies-perl (6.04-1) ...
Selecting previously unselected package libhttp-daemon-perl.
Preparing to unpack .../090-libhttp-daemon-perl_6.01-3+deb10u1_all.deb ...
Unpacking libhttp-daemon-perl (6.01-3+deb10u1) ...
Selecting previously unselected package libhttp-negotiate-perl.
Preparing to unpack .../091-libhttp-negotiate-perl_6.01-1_all.deb ...
Unpacking libhttp-negotiate-perl (6.01-1) ...
Selecting previously unselected package libice6:amd64.
Preparing to unpack .../092-libice6_2%3a1.0.9-2_amd64.deb ...
Unpacking libice6:amd64 (2:1.0.9-2) ...
Selecting previously unselected package perl-openssl-defaults:amd64.
Preparing to unpack .../093-perl-openssl-defaults_3_amd64.deb ...
Unpacking perl-openssl-defaults:amd64 (3) ...
Selecting previously unselected package libnet-ssleay-perl.
Preparing to unpack .../094-libnet-ssleay-perl_1.85-2+deb10u1_amd64.deb ...
Unpacking libnet-ssleay-perl (1.85-2+deb10u1) ...
Selecting previously unselected package libio-socket-ssl-perl.
Preparing to unpack .../095-libio-socket-ssl-perl_2.060-3_all.deb ...
Unpacking libio-socket-ssl-perl (2.060-3) ...
Selecting previously unselected package libio-stringy-perl.
Preparing to unpack .../096-libio-stringy-perl_2.111-3_all.deb ...
Unpacking libio-stringy-perl (2.111-3) ...
Selecting previously unselected package libnet-http-perl.
Preparing to unpack .../097-libnet-http-perl_6.18-1_all.deb ...
Unpacking libnet-http-perl (6.18-1) ...
Selecting previously unselected package libtry-tiny-perl.
Preparing to unpack .../098-libtry-tiny-perl_0.30-1_all.deb ...
Unpacking libtry-tiny-perl (0.30-1) ...
Selecting previously unselected package libwww-robotrules-perl.
Preparing to unpack .../099-libwww-robotrules-perl_6.02-1_all.deb ...
Unpacking libwww-robotrules-perl (6.02-1) ...
Selecting previously unselected package libwww-perl.
Preparing to unpack .../100-libwww-perl_6.36-2_all.deb ...
Unpacking libwww-perl (6.36-2) ...
Selecting previously unselected package liblwp-protocol-https-perl.
Preparing to unpack .../101-liblwp-protocol-https-perl_6.07-2_all.deb ...
Unpacking liblwp-protocol-https-perl (6.07-2) ...
Selecting previously unselected package libnet-smtp-ssl-perl.
Preparing to unpack .../102-libnet-smtp-ssl-perl_1.04-1_all.deb ...
Unpacking libnet-smtp-ssl-perl (1.04-1) ...
Selecting previously unselected package libmailtools-perl.
Preparing to unpack .../103-libmailtools-perl_2.18-1_all.deb ...
Unpacking libmailtools-perl (2.18-1) ...
Selecting previously unselected package libxml-parser-perl.
Preparing to unpack .../104-libxml-parser-perl_2.44-4_amd64.deb ...
Unpacking libxml-parser-perl (2.44-4) ...
Selecting previously unselected package libxml-twig-perl.
Preparing to unpack .../105-libxml-twig-perl_1%3a3.50-1.1_all.deb ...
Unpacking libxml-twig-perl (1:3.50-1.1) ...
Selecting previously unselected package libnet-dbus-perl.
Preparing to unpack .../106-libnet-dbus-perl_1.1.0-5+b1_amd64.deb ...
Unpacking libnet-dbus-perl (1.1.0-5+b1) ...
Selecting previously unselected package libsm6:amd64.
Preparing to unpack .../107-libsm6_2%3a1.2.3-1_amd64.deb ...
Unpacking libsm6:amd64 (2:1.2.3-1) ...
Selecting previously unselected package libtext-iconv-perl.
Preparing to unpack .../108-libtext-iconv-perl_1.7-5+b7_amd64.deb ...
Unpacking libtext-iconv-perl (1.7-5+b7) ...
Selecting previously unselected package libtie-ixhash-perl.
Preparing to unpack .../109-libtie-ixhash-perl_1.23-2_all.deb ...
Unpacking libtie-ixhash-perl (1.23-2) ...
Selecting previously unselected package libx11-protocol-perl.
Preparing to unpack .../110-libx11-protocol-perl_0.56-7_all.deb ...
Unpacking libx11-protocol-perl (0.56-7) ...
Selecting previously unselected package libxt6:amd64.
Preparing to unpack .../111-libxt6_1%3a1.1.5-1+b3_amd64.deb ...
Unpacking libxt6:amd64 (1:1.1.5-1+b3) ...
Selecting previously unselected package libxmu6:amd64.
Preparing to unpack .../112-libxmu6_2%3a1.1.2-2+b3_amd64.deb ...
Unpacking libxmu6:amd64 (2:1.1.2-2+b3) ...
Selecting previously unselected package libxpm4:amd64.
Preparing to unpack .../113-libxpm4_1%3a3.5.12-1+deb10u2_amd64.deb ...
Unpacking libxpm4:amd64 (1:3.5.12-1+deb10u2) ...
Selecting previously unselected package libxaw7:amd64.
Preparing to unpack .../114-libxaw7_2%3a1.0.13-1+b2_amd64.deb ...
Unpacking libxaw7:amd64 (2:1.0.13-1+b2) ...
Selecting previously unselected package libxcb-shape0:amd64.
Preparing to unpack .../115-libxcb-shape0_1.13.1-2_amd64.deb ...
Unpacking libxcb-shape0:amd64 (1.13.1-2) ...
Selecting previously unselected package libxft2:amd64.
Preparing to unpack .../116-libxft2_2.3.2-2_amd64.deb ...
Unpacking libxft2:amd64 (2.3.2-2) ...
Selecting previously unselected package libxml-xpathengine-perl.
Preparing to unpack .../117-libxml-xpathengine-perl_0.14-1_all.deb ...
Unpacking libxml-xpathengine-perl (0.14-1) ...
Selecting previously unselected package libxmuu1:amd64.
Preparing to unpack .../118-libxmuu1_2%3a1.1.2-2+b3_amd64.deb ...
Unpacking libxmuu1:amd64 (2:1.1.2-2+b3) ...
Selecting previously unselected package libxv1:amd64.
Preparing to unpack .../119-libxv1_2%3a1.0.11-1_amd64.deb ...
Unpacking libxv1:amd64 (2:1.0.11-1) ...
Selecting previously unselected package libxxf86dga1:amd64.
Preparing to unpack .../120-libxxf86dga1_2%3a1.1.4-1+b3_amd64.deb ...
Unpacking libxxf86dga1:amd64 (2:1.1.4-1+b3) ...
Selecting previously unselected package libglx0:amd64.
Preparing to unpack .../121-libglx0_1.1.0-1_amd64.deb ...
Unpacking libglx0:amd64 (1.1.0-1) ...
Selecting previously unselected package libgl1:amd64.
Preparing to unpack .../122-libgl1_1.1.0-1_amd64.deb ...
Unpacking libgl1:amd64 (1.1.0-1) ...
Selecting previously unselected package x11-utils.
Preparing to unpack .../123-x11-utils_7.7+4_amd64.deb ...
Unpacking x11-utils (7.7+4) ...
Selecting previously unselected package x11-xserver-utils.
Preparing to unpack .../124-x11-xserver-utils_7.7+8_amd64.deb ...
Unpacking x11-xserver-utils (7.7+8) ...
Selecting previously unselected package xdg-user-dirs.
Preparing to unpack .../125-xdg-user-dirs_0.17-2_amd64.deb ...
Unpacking xdg-user-dirs (0.17-2) ...
Selecting previously unselected package libnss-systemd:amd64.
Preparing to unpack .../126-libnss-systemd_241-7~deb10u10_amd64.deb ...
Unpacking libnss-systemd:amd64 (241-7~deb10u10) ...
Setting up perl-modules-5.28 (5.28.1-6+deb10u1) ...
Setting up libtext-iconv-perl (1.7-5+b7) ...
Setting up libgraphite2-3:amd64 (1.3.13-7) ...
Setting up liblcms2-2:amd64 (2.9-3) ...
Setting up libpixman-1-0:amd64 (0.36.0-1+deb10u1) ...
Setting up libwayland-server0:amd64 (1.16.0-1) ...
Setting up libx11-xcb1:amd64 (2:1.6.7-1+deb10u4) ...
Setting up libpciaccess0:amd64 (0.14-1) ...
Setting up systemd-sysv (241-7~deb10u10) ...
Setting up libxau6:amd64 (1:1.0.8-1+b2) ...
Setting up libkeyutils1:amd64 (1.6-6) ...
Setting up libproxy1v5:amd64 (0.4.15-5+deb10u1) ...
Setting up hicolor-icon-theme (0.17-2) ...
Setting up libdatrie1:amd64 (0.2.12-2) ...
Setting up xdg-user-dirs (0.17-2) ...
Setting up libglib2.0-0:amd64 (2.58.3-2+deb10u5) ...
Setting up libglvnd0:amd64 (1.1.0-1) ...
Setting up libgdk-pixbuf2.0-common (2.38.1+dfsg-1) ...
Setting up x11-common (1:7.7+19) ...
debconf: unable to initialize frontend: Dialog
debconf: (TERM is not set, so the dialog frontend is not usable.)
debconf: falling back to frontend: Readline
update-rc.d: warning: start and stop actions are no longer supported; falling back to defaults
invoke-rc.d: could not determine current runlevel
invoke-rc.d: policy-rc.d denied execution of start.
Setting up libsensors-config (1:3.5.0-3) ...
Setting up libnghttp2-14:amd64 (1.36.0-2+deb10u1) ...
Setting up perl-openssl-defaults:amd64 (3) ...
Setting up libnss-systemd:amd64 (241-7~deb10u10) ...
First installation detected...
Checking NSS setup...
Setting up xkb-data (2.26-2) ...
Setting up krb5-locales (1.17-3+deb10u5) ...
Setting up libjbig0:amd64 (2.1-3.1+b2) ...
Setting up libcolord2:amd64 (1.4.3-4) ...
Setting up libicu63:amd64 (63.1-6+deb10u3) ...
Setting up libkrb5support0:amd64 (1.17-3+deb10u5) ...
Setting up libdconf1:amd64 (0.30.1-2) ...
Setting up libasound2-data (1.1.8-1) ...
Setting up libfontenc1:amd64 (1:1.1.3-1+b2) ...
Setting up libglib2.0-data (2.58.3-2+deb10u5) ...
Setting up libjpeg62-turbo:amd64 (1:1.5.2-2+deb10u1) ...
Setting up libx11-data (2:1.6.7-1+deb10u4) ...
Setting up libepoxy0:amd64 (1.5.3-0.1) ...
Setting up libmpfr6:amd64 (4.0.2-1) ...
Setting up libnspr4:amd64 (2:4.20-1) ...
Setting up librtmp1:amd64 (2.4+20151223.gitfa8646d.1-2) ...
Setting up libavahi-common-data:amd64 (0.7-4+deb10u3) ...
Setting up libdbus-1-3:amd64 (1.12.24-0+deb10u1) ...
Setting up dbus (1.12.24-0+deb10u1) ...
invoke-rc.d: could not determine current runlevel
invoke-rc.d: policy-rc.d denied execution of start.
Setting up libfribidi0:amd64 (1.0.5-3.1+deb10u2) ...
Setting up libpng16-16:amd64 (1.6.36-6) ...
Setting up libmpc3:amd64 (1.1.0-1) ...
Setting up udev (241-7~deb10u10) ...
invoke-rc.d: could not determine current runlevel
invoke-rc.d: policy-rc.d denied execution of start.
Setting up libwebp6:amd64 (0.6.1-2+deb10u3) ...
Setting up libgdbm-compat4:amd64 (1.18.1-4) ...
Setting up libsensors5:amd64 (1:3.5.0-3) ...
Setting up libk5crypto3:amd64 (1.17-3+deb10u5) ...
Setting up libglapi-mesa:amd64 (18.3.6-2+deb10u1) ...
Setting up libvulkan1:amd64 (1.1.97-2) ...
Setting up libperl5.28:amd64 (5.28.1-6+deb10u1) ...
Setting up libatk1.0-data (2.30.0-2) ...
Setting up libisl19:amd64 (0.20-2) ...
Setting up sensible-utils (0.0.12) ...
Setting up libxshmfence1:amd64 (1.3-1) ...
Setting up libasound2:amd64 (1.1.8-1) ...
Setting up fonts-liberation (1:1.07.4-9) ...
Setting up libpam-systemd:amd64 (241-7~deb10u10) ...
debconf: unable to initialize frontend: Dialog
debconf: (TERM is not set, so the dialog frontend is not usable.)
debconf: falling back to frontend: Readline
Setting up libthai-data (0.1.28-2) ...
Setting up libssh2-1:amd64 (1.8.0-2.1+deb10u1) ...
Setting up libjson-glib-1.0-common (1.4.4-2) ...
Setting up libatk1.0-0:amd64 (2.30.0-2) ...
Setting up libkrb5-3:amd64 (1.17-3+deb10u5) ...
Setting up libtiff5:amd64 (4.1.0+git191117-2~deb10u8) ...
Setting up libwayland-egl1:amd64 (1.16.0-1) ...
Setting up glib-networking-common (2.58.0-2+deb10u2) ...
Setting up cpp-8 (8.3.0-6) ...
Setting up libbsd0:amd64 (0.9.1-2+deb10u1) ...
Setting up libdrm-common (2.4.97-1) ...
Setting up libelf1:amd64 (0.176-1.1+deb10u1) ...
Setting up libxml2:amd64 (2.9.4+dfsg1-7+deb10u6) ...
Setting up xdg-utils (1.1.3-1+deb10u1) ...
Setting up libxkbcommon0:amd64 (0.8.2-1) ...
Setting up libwayland-client0:amd64 (1.16.0-1) ...
Setting up glib-networking-services (2.58.0-2+deb10u2) ...
Setting up libice6:amd64 (2:1.0.9-2) ...
Setting up libxdmcp6:amd64 (1:1.1.2-3) ...
Setting up libxcb1:amd64 (1.13.1-2) ...
Setting up libxcb-render0:amd64 (1.13.1-2) ...
Setting up libu2f-udev (1.1.9-1) ...
Setting up libxcb-glx0:amd64 (1.13.1-2) ...
Setting up libedit2:amd64 (3.1-20181209-1) ...
Setting up libxcb-shape0:amd64 (1.13.1-2) ...
Setting up libavahi-common3:amd64 (0.7-4+deb10u3) ...
Setting up libnss3:amd64 (2:3.42.1-1+deb10u6) ...
Setting up libxcb-shm0:amd64 (1.13.1-2) ...
Setting up libjson-glib-1.0-0:amd64 (1.4.4-2) ...
Setting up libxcb-present0:amd64 (1.13.1-2) ...
Setting up libthai0:amd64 (0.1.28-2) ...
Setting up dbus-user-session (1.12.24-0+deb10u1) ...
Setting up perl (5.28.1-6+deb10u1) ...
Setting up libfreetype6:amd64 (2.9.1-3+deb10u3) ...
Setting up libdata-dump-perl (1.23-1) ...
Setting up libxcb-sync1:amd64 (1.13.1-2) ...
Setting up libipc-system-simple-perl (1.25-4) ...
Setting up libxml-xpathengine-perl (0.14-1) ...
Setting up shared-mime-info (1.10-1) ...
Setting up libgssapi-krb5-2:amd64 (1.17-3+deb10u5) ...
Setting up libio-html-perl (1.001-1) ...
Setting up libcroco3:amd64 (0.6.12-3) ...
Setting up ucf (3.0038+nmu1) ...
debconf: unable to initialize frontend: Dialog
debconf: (TERM is not set, so the dialog frontend is not usable.)
debconf: falling back to frontend: Readline
Setting up libtimedate-perl (2.3000-2+deb10u1) ...
Setting up libxcb-dri2-0:amd64 (1.13.1-2) ...
Setting up libdrm2:amd64 (2.4.97-1) ...
Setting up libwayland-cursor0:amd64 (1.16.0-1) ...
Setting up cpp (4:8.3.0-1) ...
Setting up libllvm7:amd64 (1:7.0.1-8+deb10u2) ...
Setting up libx11-6:amd64 (2:1.6.7-1+deb10u4) ...
Setting up libharfbuzz0b:amd64 (2.3.1-1) ...
Setting up libxcomposite1:amd64 (1:0.4.4-2) ...
Setting up libsm6:amd64 (2:1.2.3-1) ...
Setting up libavahi-client3:amd64 (0.7-4+deb10u3) ...
Setting up liburi-perl (1.76-1) ...
Setting up libxmuu1:amd64 (2:1.1.2-2+b3) ...
Setting up libx11-protocol-perl (0.56-7) ...
Setting up libdrm-amdgpu1:amd64 (2.4.97-1) ...
Setting up libnet-ssleay-perl (1.85-2+deb10u1) ...
Setting up libxcb-dri3-0:amd64 (1.13.1-2) ...
Setting up libhttp-date-perl (6.02-1) ...
Setting up libdrm-nouveau2:amd64 (2.4.97-1) ...
Setting up libfile-basedir-perl (0.08-1) ...
Setting up libtie-ixhash-perl (1.23-2) ...
Setting up libfile-listing-perl (6.04-1) ...
Setting up libxpm4:amd64 (1:3.5.12-1+deb10u2) ...
Setting up libfont-afm-perl (1.20-2) ...
Setting up libxrender1:amd64 (1:0.9.10-1) ...
Setting up libgbm1:amd64 (18.3.6-2+deb10u1) ...
Setting up libdrm-radeon1:amd64 (2.4.97-1) ...
Setting up fontconfig-config (2.13.1-2) ...
debconf: unable to initialize frontend: Dialog
debconf: (TERM is not set, so the dialog frontend is not usable.)
debconf: falling back to frontend: Readline
Setting up libio-stringy-perl (2.111-3) ...
Setting up libhtml-tagset-perl (3.20-3) ...
Setting up libauthen-sasl-perl (2.1600-1) ...
Setting up libdrm-intel1:amd64 (2.4.97-1) ...
Setting up liblwp-mediatypes-perl (6.02-1) ...
Setting up libgl1-mesa-dri:amd64 (18.3.6-2+deb10u1) ...
Setting up libtry-tiny-perl (0.30-1) ...
Setting up libxext6:amd64 (2:1.3.3-1+b2) ...
Setting up libnet-http-perl (6.18-1) ...
Setting up libencode-locale-perl (1.05-1) ...
Setting up libcurl3-gnutls:amd64 (7.64.0-4+deb10u7) ...
Setting up dconf-service (0.30.1-2) ...
Setting up libatspi2.0-0:amd64 (2.30.0-7) ...
Setting up libxxf86vm1:amd64 (1:1.1.4-1+b2) ...
Setting up libatk-bridge2.0-0:amd64 (2.30.0-5) ...
Setting up libxfixes3:amd64 (1:5.0.3-1) ...
Setting up libgdk-pixbuf2.0-0:amd64 (2.38.1+dfsg-1) ...
Setting up libxinerama1:amd64 (2:1.1.4-2) ...
Setting up libxv1:amd64 (2:1.0.11-1) ...
Setting up libxrandr2:amd64 (2:1.5.1-1) ...
Setting up libxt6:amd64 (1:1.1.5-1+b3) ...
Setting up libfile-desktopentry-perl (0.22-1) ...
Setting up libcups2:amd64 (2.2.10-6+deb10u9) ...
Setting up libwww-robotrules-perl (6.02-1) ...
Setting up libgdk-pixbuf2.0-bin (2.38.1+dfsg-1) ...
Setting up libhtml-parser-perl (3.72-3+b3) ...
Setting up libfontconfig1:amd64 (2.13.1-2) ...
Setting up libio-socket-ssl-perl (2.060-3) ...
Setting up libhttp-message-perl (6.18-1) ...
Setting up libhtml-form-perl (6.03-1) ...
Setting up libfile-mimeinfo-perl (0.29-1) ...
Setting up gtk-update-icon-cache (3.24.5-1) ...
Setting up libhttp-negotiate-perl (6.01-1) ...
Setting up fontconfig (2.13.1-2) ...
Regenerating fonts cache... done.
Setting up libxft2:amd64 (2.3.2-2) ...
Setting up libxmu6:amd64 (2:1.1.2-2+b3) ...
Setting up libxdamage1:amd64 (1:1.1.4-3+b3) ...
Setting up libxi6:amd64 (2:1.7.9-1) ...
Setting up dconf-gsettings-backend:amd64 (0.30.1-2) ...
Setting up libhttp-cookies-perl (6.04-1) ...
Setting up libxtst6:amd64 (2:1.2.3-1) ...
Setting up libhtml-tree-perl (5.07-2) ...
Setting up libxcursor1:amd64 (1:1.1.15-2) ...
Setting up libpango-1.0-0:amd64 (1.42.4-8~deb10u1) ...
Setting up libxxf86dga1:amd64 (2:1.1.4-1+b3) ...
Setting up libhtml-format-perl (2.12-1) ...
Setting up libxaw7:amd64 (2:1.0.13-1+b2) ...
Setting up x11-xserver-utils (7.7+8) ...
Setting up libcairo2:amd64 (1.16.0-4+deb10u1) ...
Setting up libnet-smtp-ssl-perl (1.04-1) ...
Setting up libmailtools-perl (2.18-1) ...
Setting up libhttp-daemon-perl (6.01-3+deb10u1) ...
Setting up at-spi2-core (2.30.0-7) ...
Setting up libcairo-gobject2:amd64 (1.16.0-4+deb10u1) ...
Setting up libpangoft2-1.0-0:amd64 (1.42.4-8~deb10u1) ...
Setting up libgtk-3-common (3.24.5-1) ...
Setting up libpangocairo-1.0-0:amd64 (1.42.4-8~deb10u1) ...
Setting up gsettings-desktop-schemas (3.28.1-1) ...
Setting up libglx-mesa0:amd64 (18.3.6-2+deb10u1) ...
Setting up libglx0:amd64 (1.1.0-1) ...
Setting up librsvg2-2:amd64 (2.44.10-2.1+deb10u3) ...
Setting up libgl1:amd64 (1.1.0-1) ...
Setting up librsvg2-common:amd64 (2.44.10-2.1+deb10u3) ...
Setting up x11-utils (7.7+4) ...
Setting up glib-networking:amd64 (2.58.0-2+deb10u2) ...
Setting up libsoup2.4-1:amd64 (2.64.2-2) ...
Setting up adwaita-icon-theme (3.30.1-1) ...
update-alternatives: using /usr/share/icons/Adwaita/cursor.theme to provide /usr/share/icons/default/index.theme (x-cursor-theme) in auto mode
Setting up libsoup-gnome2.4-1:amd64 (2.64.2-2) ...
Setting up librest-0.7-0:amd64 (0.8.1-1) ...
Setting up libgtk-3-0:amd64 (3.24.5-1) ...
Setting up libgtk-3-bin (3.24.5-1) ...
Setting up google-chrome-stable (114.0.5735.90-1) ...
update-alternatives: using /usr/bin/google-chrome-stable to provide /usr/bin/x-www-browser (x-www-browser) in auto mode
update-alternatives: using /usr/bin/google-chrome-stable to provide /usr/bin/gnome-www-browser (gnome-www-browser) in auto mode
update-alternatives: using /usr/bin/google-chrome-stable to provide /usr/bin/google-chrome (google-chrome) in auto mode
Setting up liblwp-protocol-https-perl (6.07-2) ...
Setting up libwww-perl (6.36-2) ...
Setting up libxml-parser-perl (2.44-4) ...
Setting up libxml-twig-perl (1:3.50-1.1) ...
Setting up libnet-dbus-perl (1.1.0-5+b1) ...
Processing triggers for systemd (241-7~deb10u10) ...
Processing triggers for libc-bin (2.28-10+deb10u2) ...
Processing triggers for libgdk-pixbuf2.0-0:amd64 (2.38.1+dfsg-1) ...
Removing intermediate container ceece863b9b2
 ---> 7bf07bf6b6a1
Step 6/9 : COPY requirements.txt .
 ---> da8673054914
Step 7/9 : RUN pip install --no-cache-dir -r requirements.txt
 ---> Running in 55c3be8e7d6f
Collecting aiohttp==3.8.5
  Downloading aiohttp-3.8.5-cp39-cp39-manylinux_2_17_x86_64.manylinux2014_x86_64.whl (1.1 MB)
     ━━━━━━━━━━━━━━━━━━━━━━━━━━━━━━━━━━━━━━━━ 1.1/1.1 MB 56.6 MB/s eta 0:00:00
Collecting aiosignal==1.3.1
  Downloading aiosignal-1.3.1-py3-none-any.whl (7.6 kB)
Collecting APScheduler==3.10.4
  Downloading APScheduler-3.10.4-py3-none-any.whl (59 kB)
     ━━━━━━━━━━━━━━━━━━━━━━━━━━━━━━━━━━━━━━━ 59.3/59.3 kB 110.5 MB/s eta 0:00:00
Collecting async-timeout==4.0.3
  Downloading async_timeout-4.0.3-py3-none-any.whl (5.7 kB)
Collecting attrs==23.1.0
  Downloading attrs-23.1.0-py3-none-any.whl (61 kB)
     ━━━━━━━━━━━━━━━━━━━━━━━━━━━━━━━━━━━━━━━ 61.2/61.2 kB 206.2 MB/s eta 0:00:00
Collecting certifi==2023.7.22
  Downloading certifi-2023.7.22-py3-none-any.whl (158 kB)
     ━━━━━━━━━━━━━━━━━━━━━━━━━━━━━━━━━━━━━ 158.3/158.3 kB 225.9 MB/s eta 0:00:00
Collecting cffi==1.15.1
  Downloading cffi-1.15.1-cp39-cp39-manylinux_2_17_x86_64.manylinux2014_x86_64.whl (441 kB)
     ━━━━━━━━━━━━━━━━━━━━━━━━━━━━━━━━━━━━━ 441.2/441.2 kB 229.0 MB/s eta 0:00:00
Collecting charset-normalizer==3.2.0
  Downloading charset_normalizer-3.2.0-cp39-cp39-manylinux_2_17_x86_64.manylinux2014_x86_64.whl (202 kB)
     ━━━━━━━━━━━━━━━━━━━━━━━━━━━━━━━━━━━━━ 202.1/202.1 kB 250.6 MB/s eta 0:00:00
Collecting cryptography==41.0.4
  Downloading cryptography-41.0.4-cp37-abi3-manylinux_2_28_x86_64.whl (4.4 MB)
     ━━━━━━━━━━━━━━━━━━━━━━━━━━━━━━━━━━━━━━━━ 4.4/4.4 MB 210.3 MB/s eta 0:00:00
Collecting cx-Freeze==6.15.7
  Downloading cx_Freeze-6.15.7-cp39-cp39-manylinux_2_17_x86_64.manylinux2014_x86_64.whl (10.1 MB)
     ━━━━━━━━━━━━━━━━━━━━━━━━━━━━━━━━━━━━━━━━ 10.1/10.1 MB 94.1 MB/s eta 0:00:00
Collecting discord.py==2.3.2
  Downloading discord.py-2.3.2-py3-none-any.whl (1.1 MB)
     ━━━━━━━━━━━━━━━━━━━━━━━━━━━━━━━━━━━━━━━━ 1.1/1.1 MB 153.8 MB/s eta 0:00:00
Collecting exceptiongroup==1.1.3
  Downloading exceptiongroup-1.1.3-py3-none-any.whl (14 kB)
Collecting frozenlist==1.4.0
  Downloading frozenlist-1.4.0-cp39-cp39-manylinux_2_5_x86_64.manylinux1_x86_64.manylinux_2_17_x86_64.manylinux2014_x86_64.whl (228 kB)
     ━━━━━━━━━━━━━━━━━━━━━━━━━━━━━━━━━━━━━ 228.0/228.0 kB 240.4 MB/s eta 0:00:00
Collecting h11==0.14.0
  Downloading h11-0.14.0-py3-none-any.whl (58 kB)
     ━━━━━━━━━━━━━━━━━━━━━━━━━━━━━━━━━━━━━━━ 58.3/58.3 kB 195.3 MB/s eta 0:00:00
Collecting idna==3.4
  Downloading idna-3.4-py3-none-any.whl (61 kB)
     ━━━━━━━━━━━━━━━━━━━━━━━━━━━━━━━━━━━━━━━━ 61.5/61.5 kB 85.2 MB/s eta 0:00:00
Collecting multidict==6.0.4
  Downloading multidict-6.0.4-cp39-cp39-manylinux_2_17_x86_64.manylinux2014_x86_64.whl (114 kB)
     ━━━━━━━━━━━━━━━━━━━━━━━━━━━━━━━━━━━━━ 114.2/114.2 kB 204.1 MB/s eta 0:00:00
Collecting outcome==1.2.0
  Downloading outcome-1.2.0-py2.py3-none-any.whl (9.7 kB)
Collecting pycparser==2.21
  Downloading pycparser-2.21-py2.py3-none-any.whl (118 kB)
     ━━━━━━━━━━━━━━━━━━━━━━━━━━━━━━━━━━━━━ 118.7/118.7 kB 222.1 MB/s eta 0:00:00
Collecting pyOpenSSL==23.2.0
  Downloading pyOpenSSL-23.2.0-py3-none-any.whl (59 kB)
     ━━━━━━━━━━━━━━━━━━━━━━━━━━━━━━━━━━━━━━━ 59.0/59.0 kB 107.4 MB/s eta 0:00:00
Collecting PySocks==1.7.1
  Downloading PySocks-1.7.1-py3-none-any.whl (16 kB)
Collecting python-dotenv==1.0.0
  Downloading python_dotenv-1.0.0-py3-none-any.whl (19 kB)
Collecting pytz==2023.3.post1
  Downloading pytz-2023.3.post1-py2.py3-none-any.whl (502 kB)
     ━━━━━━━━━━━━━━━━━━━━━━━━━━━━━━━━━━━━━ 502.5/502.5 kB 246.5 MB/s eta 0:00:00
Collecting requests==2.31.0
  Downloading requests-2.31.0-py3-none-any.whl (62 kB)
     ━━━━━━━━━━━━━━━━━━━━━━━━━━━━━━━━━━━━━━━ 62.6/62.6 kB 196.7 MB/s eta 0:00:00
Collecting selenium==4.0.0
  Downloading selenium-4.0.0-py3-none-any.whl (954 kB)
     ━━━━━━━━━━━━━━━━━━━━━━━━━━━━━━━━━━━━━ 954.3/954.3 kB 246.6 MB/s eta 0:00:00
Collecting six==1.16.0
  Downloading six-1.16.0-py2.py3-none-any.whl (11 kB)
Collecting sniffio==1.3.0
  Downloading sniffio-1.3.0-py3-none-any.whl (10 kB)
Collecting sortedcontainers==2.4.0
  Downloading sortedcontainers-2.4.0-py2.py3-none-any.whl (29 kB)
Collecting supervisor==4.2.5
  Downloading supervisor-4.2.5-py2.py3-none-any.whl (319 kB)
     ━━━━━━━━━━━━━━━━━━━━━━━━━━━━━━━━━━━━━ 319.6/319.6 kB 209.0 MB/s eta 0:00:00
Collecting trio==0.22.2
  Downloading trio-0.22.2-py3-none-any.whl (400 kB)
     ━━━━━━━━━━━━━━━━━━━━━━━━━━━━━━━━━━━━━ 400.2/400.2 kB 239.9 MB/s eta 0:00:00
Collecting trio-websocket==0.10.4
  Downloading trio_websocket-0.10.4-py3-none-any.whl (17 kB)
Collecting tzlocal==5.0.1
  Downloading tzlocal-5.0.1-py3-none-any.whl (20 kB)
Collecting urllib3==1.26.16
  Downloading urllib3-1.26.16-py2.py3-none-any.whl (143 kB)
     ━━━━━━━━━━━━━━━━━━━━━━━━━━━━━━━━━━━━━ 143.1/143.1 kB 233.7 MB/s eta 0:00:00
Collecting urllib3-secure-extra==0.1.0
  Downloading urllib3_secure_extra-0.1.0-py2.py3-none-any.whl (1.4 kB)
Collecting wsproto==1.2.0
  Downloading wsproto-1.2.0-py3-none-any.whl (24 kB)
Collecting yarl==1.9.2
  Downloading yarl-1.9.2-cp39-cp39-manylinux_2_17_x86_64.manylinux2014_x86_64.whl (269 kB)
     ━━━━━━━━━━━━━━━━━━━━━━━━━━━━━━━━━━━━━ 269.4/269.4 kB 238.6 MB/s eta 0:00:00
Collecting webdriver_manager==3.5.0
  Downloading webdriver_manager-3.5.0-py2.py3-none-any.whl (17 kB)
Collecting setuptools<69,>=62.6
  Downloading setuptools-68.2.2-py3-none-any.whl (807 kB)
     ━━━━━━━━━━━━━━━━━━━━━━━━━━━━━━━━━━━━━ 807.9/807.9 kB 265.4 MB/s eta 0:00:00
Collecting patchelf>=0.14
  Downloading patchelf-0.17.2.1-py2.py3-none-manylinux_2_5_x86_64.manylinux1_x86_64.musllinux_1_1_x86_64.whl (425 kB)
     ━━━━━━━━━━━━━━━━━━━━━━━━━━━━━━━━━━━━━ 425.7/425.7 kB 252.7 MB/s eta 0:00:00
Requirement already satisfied: wheel>=0.38.4 in /usr/local/lib/python3.9/site-packages (from cx-Freeze==6.15.7->-r requirements.txt (line 10)) (0.40.0)
Collecting urllib3[secure]~=1.26
  Downloading urllib3-1.26.17-py2.py3-none-any.whl (143 kB)
     ━━━━━━━━━━━━━━━━━━━━━━━━━━━━━━━━━━━━━ 143.4/143.4 kB 228.5 MB/s eta 0:00:00
Collecting configparser
  Downloading configparser-6.0.0-py3-none-any.whl (19 kB)
Collecting crayons
  Downloading crayons-0.4.0-py2.py3-none-any.whl (4.6 kB)
Collecting colorama
  Downloading colorama-0.4.6-py2.py3-none-any.whl (25 kB)
Installing collected packages: urllib3-secure-extra, sortedcontainers, pytz, patchelf, urllib3, tzlocal, sniffio, six, setuptools, python-dotenv, PySocks, pycparser, multidict, idna, h11, frozenlist, exceptiongroup, configparser, colorama, charset-normalizer, certifi, attrs, async-timeout, yarl, wsproto, supervisor, requests, outcome, cx-Freeze, crayons, cffi, APScheduler, aiosignal, webdriver_manager, trio, cryptography, aiohttp, trio-websocket, pyOpenSSL, discord.py, selenium
  Attempting uninstall: setuptools
    Found existing installation: setuptools 58.1.0
    Uninstalling setuptools-58.1.0:
      Successfully uninstalled setuptools-58.1.0
Successfully installed APScheduler-3.10.4 PySocks-1.7.1 aiohttp-3.8.5 aiosignal-1.3.1 async-timeout-4.0.3 attrs-23.1.0 certifi-2023.7.22 cffi-1.15.1 charset-normalizer-3.2.0 colorama-0.4.6 configparser-6.0.0 crayons-0.4.0 cryptography-41.0.4 cx-Freeze-6.15.7 discord.py-2.3.2 exceptiongroup-1.1.3 frozenlist-1.4.0 h11-0.14.0 idna-3.4 multidict-6.0.4 outcome-1.2.0 patchelf-0.17.2.1 pyOpenSSL-23.2.0 pycparser-2.21 python-dotenv-1.0.0 pytz-2023.3.post1 requests-2.31.0 selenium-4.0.0 setuptools-68.2.2 six-1.16.0 sniffio-1.3.0 sortedcontainers-2.4.0 supervisor-4.2.5 trio-0.22.2 trio-websocket-0.10.4 tzlocal-5.0.1 urllib3-1.26.16 urllib3-secure-extra-0.1.0 webdriver_manager-3.5.0 wsproto-1.2.0 yarl-1.9.2
WARNING: Running pip as the 'root' user can result in broken permissions and conflicting behaviour with the system package manager. It is recommended to use a virtual environment instead: https://pip.pypa.io/warnings/venv

[notice] A new release of pip is available: 23.0.1 -> 23.2.1
[notice] To update, run: pip install --upgrade pip
Removing intermediate container 55c3be8e7d6f
 ---> 7a6caf5f5f2e
Step 8/9 : COPY . .
 ---> a7d12765b293
Step 9/9 : CMD ["python", "main.py"]
 ---> Running in bdfeaab40228
Removing intermediate container bdfeaab40228
 ---> 5b10f294a56b
Successfully built 5b10f294a56b
Successfully tagged bot:latest
root@ip-172-31-44-219:/home/ubuntu/control-bot# docker run -e BOT_TOKEN=MTE0MjQ1NDYwMTYzMTY3MDM5NA.GJxKN_.EiMk4-TgX5TzgE_gu9pprpNnnt00Yly69jDtNQ -e CHANNEL_ID=1142455185038397543 bot
2023-10-12 15:58:13 WARNING  discord.ext.commands.bot Privileged message content intent is missing, commands may not work as expected.
2023-10-12 15:58:13 INFO     discord.client logging in using static token
Traceback (most recent call last):
  File "/usr/local/lib/python3.9/site-packages/discord/http.py", line 803, in static_login
    data = await self.request(Route('GET', '/users/@me'))
  File "/usr/local/lib/python3.9/site-packages/discord/http.py", line 745, in request
    raise HTTPException(response, data)
discord.errors.HTTPException: 401 Unauthorized (error code: 0): 401: Unauthorized

The above exception was the direct cause of the following exception:

Traceback (most recent call last):
  File "/app/main.py", line 193, in <module>
    bot.run(BOT_TOKEN)
  File "/usr/local/lib/python3.9/site-packages/discord/client.py", line 860, in run
    asyncio.run(runner())
  File "/usr/local/lib/python3.9/asyncio/runners.py", line 44, in run
    return loop.run_until_complete(main)
  File "/usr/local/lib/python3.9/asyncio/base_events.py", line 647, in run_until_complete
    return future.result()
  File "/usr/local/lib/python3.9/site-packages/discord/client.py", line 849, in runner
    await self.start(token, reconnect=reconnect)
  File "/usr/local/lib/python3.9/site-packages/discord/client.py", line 777, in start
    await self.login(token)
  File "/usr/local/lib/python3.9/site-packages/discord/client.py", line 612, in login
    data = await self.http.static_login(token)
  File "/usr/local/lib/python3.9/site-packages/discord/http.py", line 807, in static_login
    raise LoginFailure('Improper token has been passed.') from exc
discord.errors.LoginFailure: Improper token has been passed.
root@ip-172-31-44-219:/home/ubuntu/control-bot# docker run -e BOT_TOKEN=MTE0MjQ1NDYwMTYzMTY3MDM5NA.GsIaz1.nVgXI2tO731FQ_czq8OT4nL4yIsiR7vmahiIiY -e CHANNEL_ID=1142455185038397543 bot
2023-10-12 15:58:55 WARNING  discord.ext.commands.bot Privileged message content intent is missing, commands may not work as expected.
2023-10-12 15:58:55 INFO     discord.client logging in using static token
2023-10-12 15:58:56 INFO     discord.gateway Shard ID None has connected to Gateway (Session ID: fbd57e0666939d574ac96b2ef45a0749).
We have logged in as PERBOT#2400
Job "send_message (trigger: interval[0:01:00], next run at: 2023-10-12 16:00:55 UTC)" raised an exception
Traceback (most recent call last):
  File "/usr/local/lib/python3.9/site-packages/apscheduler/executors/base_py3.py", line 30, in run_coroutine_job
    retval = await job.func(*job.args, **job.kwargs)
  File "/app/main.py", line 43, in send_message
    test_result, screenshot_path = test_site()
  File "/app/test.py", line 8, in test_site
    driver = webdriver.Chrome(executable_path='/usr/bin/chromedriver')
  File "/usr/local/lib/python3.9/site-packages/selenium/webdriver/chrome/webdriver.py", line 69, in __init__
    super(WebDriver, self).__init__(DesiredCapabilities.CHROME['browserName'], "goog",
  File "/usr/local/lib/python3.9/site-packages/selenium/webdriver/chromium/webdriver.py", line 93, in __init__
    RemoteWebDriver.__init__(
  File "/usr/local/lib/python3.9/site-packages/selenium/webdriver/remote/webdriver.py", line 266, in __init__
    self.start_session(capabilities, browser_profile)
  File "/usr/local/lib/python3.9/site-packages/selenium/webdriver/remote/webdriver.py", line 357, in start_session
    response = self.execute(Command.NEW_SESSION, parameters)
  File "/usr/local/lib/python3.9/site-packages/selenium/webdriver/remote/webdriver.py", line 418, in execute
    self.error_handler.check_response(response)
  File "/usr/local/lib/python3.9/site-packages/selenium/webdriver/remote/errorhandler.py", line 243, in check_response
    raise exception_class(message, screen, stacktrace)
selenium.common.exceptions.WebDriverException: Message: unknown error: Chrome failed to start: exited abnormally.
  (unknown error: DevToolsActivePort file doesn't exist)
  (The process started from chrome location /usr/bin/google-chrome is no longer running, so ChromeDriver is assuming that Chrome has crashed.)
Stacktrace:
#0 0x559fa39da4e3 <unknown>
#1 0x559fa3709c76 <unknown>
#2 0x559fa3732d78 <unknown>
#3 0x559fa372f029 <unknown>
#4 0x559fa376dccc <unknown>
#5 0x559fa376d47f <unknown>
#6 0x559fa3764de3 <unknown>
#7 0x559fa373a2dd <unknown>
#8 0x559fa373b34e <unknown>
#9 0x559fa399a3e4 <unknown>
#10 0x559fa399e3d7 <unknown>
#11 0x559fa39a8b20 <unknown>
#12 0x559fa399f023 <unknown>
#13 0x559fa396d1aa <unknown>
#14 0x559fa39c36b8 <unknown>
#15 0x559fa39c3847 <unknown>
#16 0x559fa39d3243 <unknown>
#17 0x7f06dfe83fa3 start_thread

Job "send_message (trigger: interval[0:01:00], next run at: 2023-10-12 16:01:55 UTC)" raised an exception
Traceback (most recent call last):
  File "/usr/local/lib/python3.9/site-packages/apscheduler/executors/base_py3.py", line 30, in run_coroutine_job
    retval = await job.func(*job.args, **job.kwargs)
  File "/app/main.py", line 43, in send_message
    test_result, screenshot_path = test_site()
  File "/app/test.py", line 8, in test_site
    driver = webdriver.Chrome(executable_path='/usr/bin/chromedriver')
  File "/usr/local/lib/python3.9/site-packages/selenium/webdriver/chrome/webdriver.py", line 69, in __init__
    super(WebDriver, self).__init__(DesiredCapabilities.CHROME['browserName'], "goog",
  File "/usr/local/lib/python3.9/site-packages/selenium/webdriver/chromium/webdriver.py", line 93, in __init__
    RemoteWebDriver.__init__(
  File "/usr/local/lib/python3.9/site-packages/selenium/webdriver/remote/webdriver.py", line 266, in __init__
    self.start_session(capabilities, browser_profile)
  File "/usr/local/lib/python3.9/site-packages/selenium/webdriver/remote/webdriver.py", line 357, in start_session
    response = self.execute(Command.NEW_SESSION, parameters)
  File "/usr/local/lib/python3.9/site-packages/selenium/webdriver/remote/webdriver.py", line 418, in execute
    self.error_handler.check_response(response)
  File "/usr/local/lib/python3.9/site-packages/selenium/webdriver/remote/errorhandler.py", line 243, in check_response
    raise exception_class(message, screen, stacktrace)
selenium.common.exceptions.WebDriverException: Message: unknown error: Chrome failed to start: exited abnormally.
  (unknown error: DevToolsActivePort file doesn't exist)
  (The process started from chrome location /usr/bin/google-chrome is no longer running, so ChromeDriver is assuming that Chrome has crashed.)
Stacktrace:
#0 0x559cd742a4e3 <unknown>
#1 0x559cd7159c76 <unknown>
#2 0x559cd7182d78 <unknown>
#3 0x559cd717f029 <unknown>
#4 0x559cd71bdccc <unknown>
#5 0x559cd71bd47f <unknown>
#6 0x559cd71b4de3 <unknown>
#7 0x559cd718a2dd <unknown>
#8 0x559cd718b34e <unknown>
#9 0x559cd73ea3e4 <unknown>
#10 0x559cd73ee3d7 <unknown>
#11 0x559cd73f8b20 <unknown>
#12 0x559cd73ef023 <unknown>
#13 0x559cd73bd1aa <unknown>
#14 0x559cd74136b8 <unknown>
#15 0x559cd7413847 <unknown>
#16 0x559cd7423243 <unknown>
#17 0x7fd634087fa3 start_thread

^C^C^Croot@ip-172-31-44-219:/home/ubuntu/control-bot# ^C
root@ip-172-31-44-219:/home/ubuntu/control-bot# ^C
root@ip-172-31-44-219:/home/ubuntu/control-bot# ^C
root@ip-172-31-44-219:/home/ubuntu/control-bot# nano test.py 
root@ip-172-31-44-219:/home/ubuntu/control-bot# docker build -t bot .
Sending build context to Docker daemon  107.3MB
Step 1/9 : FROM python:3.9-slim-buster
 ---> c84dbfe3b8de
Step 2/9 : WORKDIR /app
 ---> Using cache
 ---> 8dcea2e167ff
Step 3/9 : RUN apt-get update && apt-get install -y wget gnupg2 unzip     && wget -q -O - https://dl-ssl.google.com/linux/linux_signing_key.pub | apt-key add -     && echo "deb http://dl.google.com/linux/chrome/deb/ stable main" >> /etc/apt/sources.list.d/google.list     && wget https://chromedriver.storage.googleapis.com/114.0.5735.90/chromedriver_linux64.zip     && unzip chromedriver_linux64.zip && mv chromedriver /usr/bin/ && chmod +x /usr/bin/chromedriver     && rm chromedriver_linux64.zip
 ---> Using cache
 ---> b3c166863f9f
Step 4/9 : ENV PYTHONUNBUFFERED=1
 ---> Using cache
 ---> 3a04a66780aa
Step 5/9 : RUN wget http://dl.google.com/linux/chrome/deb/pool/main/g/google-chrome-stable/google-chrome-stable_114.0.5735.90-1_amd64.deb     && dpkg -i google-chrome-stable_114.0.5735.90-1_amd64.deb || apt-get install -f -y
 ---> Using cache
 ---> 7bf07bf6b6a1
Step 6/9 : COPY requirements.txt .
 ---> Using cache
 ---> da8673054914
Step 7/9 : RUN pip install --no-cache-dir -r requirements.txt
 ---> Using cache
 ---> 7a6caf5f5f2e
Step 8/9 : COPY . .
 ---> 782a6ef7c848
Step 9/9 : CMD ["python", "main.py"]
 ---> Running in bef0e9b11a6a
Removing intermediate container bef0e9b11a6a
 ---> 6a8318ced4c3
Successfully built 6a8318ced4c3
Successfully tagged bot:latest
root@ip-172-31-44-219:/home/ubuntu/control-bot# docker run -e BOT_TOKEN=MTE0MjQ1NDYwMTYzMTY3MDM5NA.GsIaz1.nVgXI2tO731FQ_czq8OT4nL4yIsiR7vmahiIiY -e CHANNEL_ID=1142455185038397543 bot
2023-10-12 16:02:18 WARNING  discord.ext.commands.bot Privileged message content intent is missing, commands may not work as expected.
2023-10-12 16:02:18 INFO     discord.client logging in using static token
2023-10-12 16:02:19 INFO     discord.gateway Shard ID None has connected to Gateway (Session ID: 5f6cc261451b4745af5d866105d7f4ad).
We have logged in as PERBOT#2400
Job "send_message (trigger: interval[0:01:00], next run at: 2023-10-12 16:04:18 UTC)" raised an exception
Traceback (most recent call last):
  File "/usr/local/lib/python3.9/site-packages/apscheduler/executors/base_py3.py", line 30, in run_coroutine_job
    retval = await job.func(*job.args, **job.kwargs)
  File "/app/main.py", line 43, in send_message
    test_result, screenshot_path = test_site()
  File "/app/test.py", line 12, in test_site
    driver = webdriver.Chrome(executable_path='/usr/bin/chromedriver')
  File "/usr/local/lib/python3.9/site-packages/selenium/webdriver/chrome/webdriver.py", line 69, in __init__
    super(WebDriver, self).__init__(DesiredCapabilities.CHROME['browserName'], "goog",
  File "/usr/local/lib/python3.9/site-packages/selenium/webdriver/chromium/webdriver.py", line 93, in __init__
    RemoteWebDriver.__init__(
  File "/usr/local/lib/python3.9/site-packages/selenium/webdriver/remote/webdriver.py", line 266, in __init__
    self.start_session(capabilities, browser_profile)
  File "/usr/local/lib/python3.9/site-packages/selenium/webdriver/remote/webdriver.py", line 357, in start_session
    response = self.execute(Command.NEW_SESSION, parameters)
  File "/usr/local/lib/python3.9/site-packages/selenium/webdriver/remote/webdriver.py", line 418, in execute
    self.error_handler.check_response(response)
  File "/usr/local/lib/python3.9/site-packages/selenium/webdriver/remote/errorhandler.py", line 243, in check_response
    raise exception_class(message, screen, stacktrace)
selenium.common.exceptions.WebDriverException: Message: unknown error: Chrome failed to start: exited abnormally.
  (unknown error: DevToolsActivePort file doesn't exist)
  (The process started from chrome location /usr/bin/google-chrome is no longer running, so ChromeDriver is assuming that Chrome has crashed.)
Stacktrace:
#0 0x5616fcdd94e3 <unknown>
#1 0x5616fcb08c76 <unknown>
#2 0x5616fcb31d78 <unknown>
#3 0x5616fcb2e029 <unknown>
#4 0x5616fcb6cccc <unknown>
#5 0x5616fcb6c47f <unknown>
#6 0x5616fcb63de3 <unknown>
#7 0x5616fcb392dd <unknown>
#8 0x5616fcb3a34e <unknown>
#9 0x5616fcd993e4 <unknown>
#10 0x5616fcd9d3d7 <unknown>
#11 0x5616fcda7b20 <unknown>
#12 0x5616fcd9e023 <unknown>
#13 0x5616fcd6c1aa <unknown>
#14 0x5616fcdc26b8 <unknown>
#15 0x5616fcdc2847 <unknown>
#16 0x5616fcdd2243 <unknown>
#17 0x7fd72aa0efa3 start_thread

^C^C^Croot@ip-172-31-44-219:/home/ubuntu/control-bot# ^C
root@ip-172-31-44-219:/home/ubuntu/control-bot# ^C
root@ip-172-31-44-219:/home/ubuntu/control-bot# ^C
root@ip-172-31-44-219:/home/ubuntu/control-bot# nano test.py 
root@ip-172-31-44-219:/home/ubuntu/control-bot# nano test.py 
root@ip-172-31-44-219:/home/ubuntu/control-bot# docker build -t bot .
Sending build context to Docker daemon  107.3MB
Step 1/9 : FROM python:3.9-slim-buster
 ---> c84dbfe3b8de
Step 2/9 : WORKDIR /app
 ---> Using cache
 ---> 8dcea2e167ff
Step 3/9 : RUN apt-get update && apt-get install -y wget gnupg2 unzip     && wget -q -O - https://dl-ssl.google.com/linux/linux_signing_key.pub | apt-key add -     && echo "deb http://dl.google.com/linux/chrome/deb/ stable main" >> /etc/apt/sources.list.d/google.list     && wget https://chromedriver.storage.googleapis.com/114.0.5735.90/chromedriver_linux64.zip     && unzip chromedriver_linux64.zip && mv chromedriver /usr/bin/ && chmod +x /usr/bin/chromedriver     && rm chromedriver_linux64.zip
 ---> Using cache
 ---> b3c166863f9f
Step 4/9 : ENV PYTHONUNBUFFERED=1
 ---> Using cache
 ---> 3a04a66780aa
Step 5/9 : RUN wget http://dl.google.com/linux/chrome/deb/pool/main/g/google-chrome-stable/google-chrome-stable_114.0.5735.90-1_amd64.deb     && dpkg -i google-chrome-stable_114.0.5735.90-1_amd64.deb || apt-get install -f -y
 ---> Using cache
 ---> 7bf07bf6b6a1
Step 6/9 : COPY requirements.txt .
 ---> Using cache
 ---> da8673054914
Step 7/9 : RUN pip install --no-cache-dir -r requirements.txt
 ---> Using cache
 ---> 7a6caf5f5f2e
Step 8/9 : COPY . .
 ---> dfaf01b3e82a
Step 9/9 : CMD ["python", "main.py"]
 ---> Running in ace34641d057
Removing intermediate container ace34641d057
 ---> 15c3b53726e3
Successfully built 15c3b53726e3
Successfully tagged bot:latest
root@ip-172-31-44-219:/home/ubuntu/control-bot# docker run -e BOT_TOKEN=MTE0MjQ1NDYwMTYzMTY3MDM5NA.GsIaz1.nVgXI2tO731FQ_czq8OT4nL4yIsiR7vmahiIiY -e CHANNEL_ID=1142455185038397543 bot
2023-10-12 16:04:54 WARNING  discord.ext.commands.bot Privileged message content intent is missing, commands may not work as expected.
2023-10-12 16:04:54 INFO     discord.client logging in using static token
2023-10-12 16:04:54 INFO     discord.gateway Shard ID None has connected to Gateway (Session ID: 9e3a81f75d704b436304300cd23f9139).
We have logged in as PERBOT#2400
Job "send_message (trigger: interval[0:01:00], next run at: 2023-10-12 16:06:54 UTC)" raised an exception
Traceback (most recent call last):
  File "/usr/local/lib/python3.9/site-packages/selenium/webdriver/common/service.py", line 74, in start
    self.process = subprocess.Popen(cmd, env=self.env,
  File "/usr/local/lib/python3.9/subprocess.py", line 951, in __init__
    self._execute_child(args, executable, preexec_fn, close_fds,
  File "/usr/local/lib/python3.9/subprocess.py", line 1837, in _execute_child
    raise child_exception_type(errno_num, err_msg, err_filename)
FileNotFoundError: [Errno 2] No such file or directory: '/opt/homebrew/bin/chromedriver'

During handling of the above exception, another exception occurred:

Traceback (most recent call last):
  File "/usr/local/lib/python3.9/site-packages/apscheduler/executors/base_py3.py", line 30, in run_coroutine_job
    retval = await job.func(*job.args, **job.kwargs)
  File "/app/main.py", line 54, in send_message
    signup_result, signup_screenshot_path = test_signup_button()
  File "/app/span.py", line 12, in test_signup_button
    driver = webdriver.Chrome(executable_path='/opt/homebrew/bin/chromedriver')
  File "/usr/local/lib/python3.9/site-packages/selenium/webdriver/chrome/webdriver.py", line 69, in __init__
    super(WebDriver, self).__init__(DesiredCapabilities.CHROME['browserName'], "goog",
  File "/usr/local/lib/python3.9/site-packages/selenium/webdriver/chromium/webdriver.py", line 90, in __init__
    self.service.start()
  File "/usr/local/lib/python3.9/site-packages/selenium/webdriver/common/service.py", line 84, in start
    raise WebDriverException(
selenium.common.exceptions.WebDriverException: Message: 'chromedriver' executable needs to be in PATH. Please see https://chromedriver.chromium.org/home

Job "send_message (trigger: interval[0:01:00], next run at: 2023-10-12 16:07:54 UTC)" raised an exception
Traceback (most recent call last):
  File "/usr/local/lib/python3.9/site-packages/selenium/webdriver/common/service.py", line 74, in start
    self.process = subprocess.Popen(cmd, env=self.env,
  File "/usr/local/lib/python3.9/subprocess.py", line 951, in __init__
    self._execute_child(args, executable, preexec_fn, close_fds,
  File "/usr/local/lib/python3.9/subprocess.py", line 1837, in _execute_child
    raise child_exception_type(errno_num, err_msg, err_filename)
FileNotFoundError: [Errno 2] No such file or directory: '/opt/homebrew/bin/chromedriver'

During handling of the above exception, another exception occurred:

Traceback (most recent call last):
  File "/usr/local/lib/python3.9/site-packages/apscheduler/executors/base_py3.py", line 30, in run_coroutine_job
    retval = await job.func(*job.args, **job.kwargs)
  File "/app/main.py", line 54, in send_message
    signup_result, signup_screenshot_path = test_signup_button()
  File "/app/span.py", line 12, in test_signup_button
    driver = webdriver.Chrome(executable_path='/opt/homebrew/bin/chromedriver')
  File "/usr/local/lib/python3.9/site-packages/selenium/webdriver/chrome/webdriver.py", line 69, in __init__
    super(WebDriver, self).__init__(DesiredCapabilities.CHROME['browserName'], "goog",
  File "/usr/local/lib/python3.9/site-packages/selenium/webdriver/chromium/webdriver.py", line 90, in __init__
    self.service.start()
  File "/usr/local/lib/python3.9/site-packages/selenium/webdriver/common/service.py", line 84, in start
    raise WebDriverException(
selenium.common.exceptions.WebDriverException: Message: 'chromedriver' executable needs to be in PATH. Please see https://chromedriver.chromium.org/home

Job "send_message (trigger: interval[0:01:00], next run at: 2023-10-12 16:08:54 UTC)" raised an exception
Traceback (most recent call last):
  File "/usr/local/lib/python3.9/site-packages/selenium/webdriver/common/service.py", line 74, in start
    self.process = subprocess.Popen(cmd, env=self.env,
  File "/usr/local/lib/python3.9/subprocess.py", line 951, in __init__
    self._execute_child(args, executable, preexec_fn, close_fds,
  File "/usr/local/lib/python3.9/subprocess.py", line 1837, in _execute_child
    raise child_exception_type(errno_num, err_msg, err_filename)
FileNotFoundError: [Errno 2] No such file or directory: '/opt/homebrew/bin/chromedriver'

During handling of the above exception, another exception occurred:

Traceback (most recent call last):
  File "/usr/local/lib/python3.9/site-packages/apscheduler/executors/base_py3.py", line 30, in run_coroutine_job
    retval = await job.func(*job.args, **job.kwargs)
  File "/app/main.py", line 54, in send_message
    signup_result, signup_screenshot_path = test_signup_button()
  File "/app/span.py", line 12, in test_signup_button
    driver = webdriver.Chrome(executable_path='/opt/homebrew/bin/chromedriver')
  File "/usr/local/lib/python3.9/site-packages/selenium/webdriver/chrome/webdriver.py", line 69, in __init__
    super(WebDriver, self).__init__(DesiredCapabilities.CHROME['browserName'], "goog",
  File "/usr/local/lib/python3.9/site-packages/selenium/webdriver/chromium/webdriver.py", line 90, in __init__
    self.service.start()
  File "/usr/local/lib/python3.9/site-packages/selenium/webdriver/common/service.py", line 84, in start
    raise WebDriverException(
selenium.common.exceptions.WebDriverException: Message: 'chromedriver' executable needs to be in PATH. Please see https://chromedriver.chromium.org/home

